2019-10-28 16:34:20.655+0000 INFO  ======== Neo4j 3.5.6 ========
2019-10-28 16:34:20.686+0000 INFO  Starting...
2019-10-28 16:34:23.625+0000 INFO  Initiating metrics...
2019-10-28 16:34:25.877+0000 INFO  Sending metrics to CSV file at C:\Users\david\.Neo4jDesktop\neo4jDatabases\database-b011c20d-2061-4bb1-b68d-f2273ecd6194\installation-3.5.6\metrics
2019-10-28 16:34:27.182+0000 INFO  Bolt enabled on 127.0.0.1:7687.
2019-10-28 16:34:28.899+0000 WARN  Server thread metrics not available (missing neo4j.server.threads.jetty.all)
2019-10-28 16:34:28.903+0000 WARN  Server thread metrics not available (missing neo4j.server.threads.jetty.idle)
2019-10-28 16:34:29.467+0000 INFO  Started.
2019-10-28 16:34:29.732+0000 INFO  Mounted REST API at: /db/manage
2019-10-28 16:34:29.859+0000 INFO  Server thread metrics have been registered successfully
2019-10-28 16:34:31.274+0000 INFO  Remote interface available at http://localhost:7474/
2019-10-28 16:49:29.921+0000 INFO  ======== Neo4j 3.5.6 ========
2019-10-28 16:49:29.972+0000 INFO  Starting...
2019-10-28 16:49:31.497+0000 INFO  Initiating metrics...
2019-10-28 16:49:38.514+0000 INFO  Sending metrics to CSV file at C:\Users\david\.Neo4jDesktop\neo4jDatabases\database-b011c20d-2061-4bb1-b68d-f2273ecd6194\installation-3.5.6\metrics
2019-10-28 16:49:39.409+0000 INFO  Bolt enabled on 127.0.0.1:7687.
2019-10-28 16:49:41.535+0000 WARN  Server thread metrics not available (missing neo4j.server.threads.jetty.all)
2019-10-28 16:49:41.539+0000 WARN  Server thread metrics not available (missing neo4j.server.threads.jetty.idle)
2019-10-28 16:49:42.037+0000 INFO  Started.
2019-10-28 16:49:42.274+0000 INFO  Mounted REST API at: /db/manage
2019-10-28 16:49:42.364+0000 INFO  Server thread metrics have been registered successfully
2019-10-28 16:49:43.438+0000 INFO  Remote interface available at http://localhost:7474/
2019-10-30 16:34:01.359+0000 INFO  ======== Neo4j 3.5.6 ========
2019-10-30 16:34:01.391+0000 INFO  Starting...
2019-10-30 16:34:03.850+0000 INFO  Initiating metrics...
2019-10-30 16:34:16.211+0000 INFO  Sending metrics to CSV file at C:\Users\david\.Neo4jDesktop\neo4jDatabases\database-b011c20d-2061-4bb1-b68d-f2273ecd6194\installation-3.5.6\metrics
2019-10-30 16:34:18.096+0000 INFO  Bolt enabled on 127.0.0.1:7687.
2019-10-30 16:34:19.256+0000 WARN  Server thread metrics not available (missing neo4j.server.threads.jetty.all)
2019-10-30 16:34:19.262+0000 WARN  Server thread metrics not available (missing neo4j.server.threads.jetty.idle)
2019-10-30 16:34:22.769+0000 INFO  Started.
2019-10-30 16:34:23.225+0000 INFO  Mounted REST API at: /db/manage
2019-10-30 16:34:23.390+0000 INFO  Server thread metrics have been registered successfully
2019-10-30 16:34:25.350+0000 INFO  Remote interface available at http://localhost:7474/
2019-11-11 17:05:20.470+0000 INFO  ======== Neo4j 3.5.6 ========
2019-11-11 17:05:20.485+0000 INFO  Starting...
2019-11-11 17:05:22.223+0000 INFO  Initiating metrics...
2019-11-11 17:05:29.308+0000 INFO  Sending metrics to CSV file at C:\Users\david\.Neo4jDesktop\neo4jDatabases\database-b011c20d-2061-4bb1-b68d-f2273ecd6194\installation-3.5.6\metrics
2019-11-11 17:05:30.451+0000 INFO  Bolt enabled on 127.0.0.1:7687.
2019-11-11 17:05:32.372+0000 WARN  Server thread metrics not available (missing neo4j.server.threads.jetty.all)
2019-11-11 17:05:32.390+0000 WARN  Server thread metrics not available (missing neo4j.server.threads.jetty.idle)
2019-11-11 17:05:33.214+0000 INFO  Started.
2019-11-11 17:05:33.482+0000 INFO  Mounted REST API at: /db/manage
2019-11-11 17:05:33.582+0000 INFO  Server thread metrics have been registered successfully
2019-11-11 17:05:34.658+0000 INFO  Remote interface available at http://localhost:7474/
2019-11-11 17:16:04.853+0000 WARN  The client is unauthorized due to authentication failure.
2019-11-13 16:08:08.780+0000 INFO  ======== Neo4j 3.5.6 ========
2019-11-13 16:08:08.796+0000 INFO  Starting...
2019-11-13 16:08:11.111+0000 INFO  Initiating metrics...
2019-11-13 16:08:22.014+0000 INFO  Sending metrics to CSV file at C:\Users\david\.Neo4jDesktop\neo4jDatabases\database-b011c20d-2061-4bb1-b68d-f2273ecd6194\installation-3.5.6\metrics
2019-11-13 16:08:24.336+0000 INFO  Bolt enabled on 127.0.0.1:7687.
2019-11-13 16:08:25.075+0000 WARN  Server thread metrics not available (missing neo4j.server.threads.jetty.all)
2019-11-13 16:08:25.084+0000 WARN  Server thread metrics not available (missing neo4j.server.threads.jetty.idle)
2019-11-13 16:08:28.171+0000 INFO  Started.
2019-11-13 16:08:28.467+0000 INFO  Mounted REST API at: /db/manage
2019-11-13 16:08:28.585+0000 INFO  Server thread metrics have been registered successfully
2019-11-13 16:08:29.920+0000 INFO  Remote interface available at http://localhost:7474/
2019-11-13 16:08:46.268+0000 WARN  The client is unauthorized due to authentication failure.
2019-11-18 16:37:54.264+0000 INFO  ======== Neo4j 3.5.6 ========
2019-11-18 16:37:54.283+0000 INFO  Starting...
2019-11-18 16:37:56.200+0000 INFO  Initiating metrics...
2019-11-18 16:38:05.584+0000 INFO  Sending metrics to CSV file at C:\Users\david\.Neo4jDesktop\neo4jDatabases\database-b011c20d-2061-4bb1-b68d-f2273ecd6194\installation-3.5.6\metrics
2019-11-18 16:38:06.744+0000 INFO  Bolt enabled on 127.0.0.1:7687.
2019-11-18 16:38:08.624+0000 WARN  Server thread metrics not available (missing neo4j.server.threads.jetty.all)
2019-11-18 16:38:08.627+0000 WARN  Server thread metrics not available (missing neo4j.server.threads.jetty.idle)
2019-11-18 16:38:09.554+0000 INFO  Started.
2019-11-18 16:38:09.910+0000 INFO  Mounted REST API at: /db/manage
2019-11-18 16:38:10.009+0000 INFO  Server thread metrics have been registered successfully
2019-11-18 16:38:11.153+0000 INFO  Remote interface available at http://localhost:7474/
2019-11-18 17:37:56.184+0000 ERROR Client triggered an unexpected error [Neo.DatabaseError.General.UnknownError]: Aggregations should not be used like this., reference 90bd7949-e938-4a51-af1b-22b895da74ac.
2019-11-23 18:15:09.897+0000 INFO  ======== Neo4j 3.5.6 ========
2019-11-23 18:15:09.910+0000 INFO  Starting...
2019-11-23 18:15:11.319+0000 INFO  Initiating metrics...
2019-11-23 18:15:21.512+0000 INFO  Sending metrics to CSV file at C:\Users\david\.Neo4jDesktop\neo4jDatabases\database-d8bde8d6-7a1b-48d2-a0a8-de9c409303f2\installation-3.5.12\metrics
2019-11-23 18:15:22.510+0000 INFO  Bolt enabled on 127.0.0.1:7687.
2019-11-23 18:15:24.536+0000 WARN  Server thread metrics not available (missing neo4j.server.threads.jetty.all)
2019-11-23 18:15:24.538+0000 WARN  Server thread metrics not available (missing neo4j.server.threads.jetty.idle)
2019-11-23 18:15:24.627+0000 INFO  Started.
2019-11-23 18:15:24.850+0000 INFO  Mounted REST API at: /db/manage
2019-11-23 18:15:24.961+0000 INFO  Server thread metrics have been registered successfully
2019-11-23 18:15:25.955+0000 INFO  Remote interface available at http://localhost:7474/
2019-11-23 18:15:26.627+0000 WARN  The client is unauthorized due to authentication failure.
2019-11-23 18:16:34.121+0000 WARN  The client is unauthorized due to authentication failure.
2019-11-23 18:16:37.453+0000 WARN  The client is unauthorized due to authentication failure.
2019-11-23 18:16:38.404+0000 WARN  The client has provided incorrect authentication details too many times in a row.
2019-11-23 18:16:38.594+0000 WARN  The client has provided incorrect authentication details too many times in a row.
2019-11-23 18:16:38.747+0000 WARN  The client has provided incorrect authentication details too many times in a row.
2019-11-23 18:16:40.930+0000 WARN  The client has provided incorrect authentication details too many times in a row.
2019-11-23 18:16:56.737+0000 INFO  ======== Neo4j 3.5.6 ========
2019-11-23 18:16:56.748+0000 INFO  Starting...
2019-11-23 18:16:58.190+0000 INFO  Initiating metrics...
2019-11-23 18:17:06.982+0000 INFO  Sending metrics to CSV file at C:\Users\david\.Neo4jDesktop\neo4jDatabases\database-d8bde8d6-7a1b-48d2-a0a8-de9c409303f2\installation-3.5.12\metrics
2019-11-23 18:17:07.951+0000 INFO  Bolt enabled on 127.0.0.1:7687.
2019-11-23 18:17:10.004+0000 WARN  Server thread metrics not available (missing neo4j.server.threads.jetty.all)
2019-11-23 18:17:10.006+0000 WARN  Server thread metrics not available (missing neo4j.server.threads.jetty.idle)
2019-11-23 18:17:10.331+0000 INFO  Started.
2019-11-23 18:17:10.577+0000 INFO  Mounted REST API at: /db/manage
2019-11-23 18:17:10.667+0000 INFO  Server thread metrics have been registered successfully
2019-11-23 18:17:11.666+0000 INFO  Remote interface available at http://localhost:7474/
2019-11-28 18:22:01.237+0000 INFO  ======== Neo4j 3.5.6 ========
2019-11-28 18:22:01.297+0000 INFO  Starting...
2019-11-28 18:22:04.178+0000 INFO  Initiating metrics...
2019-11-28 18:22:16.041+0000 INFO  Sending metrics to CSV file at C:\Users\david\.Neo4jDesktop\neo4jDatabases\database-d8bde8d6-7a1b-48d2-a0a8-de9c409303f2\installation-3.5.12\metrics
2019-11-28 18:22:17.699+0000 INFO  Bolt enabled on 127.0.0.1:7687.
2019-11-28 18:22:19.319+0000 WARN  Server thread metrics not available (missing neo4j.server.threads.jetty.all)
2019-11-28 18:22:19.344+0000 WARN  Server thread metrics not available (missing neo4j.server.threads.jetty.idle)
2019-11-28 18:22:22.749+0000 INFO  Started.
2019-11-28 18:22:23.310+0000 INFO  Mounted REST API at: /db/manage
2019-11-28 18:22:23.405+0000 INFO  Server thread metrics have been registered successfully
2019-11-28 18:22:24.763+0000 INFO  Remote interface available at http://localhost:7474/
2019-12-01 11:28:35.407+0000 INFO  ======== Neo4j 3.5.6 ========
2019-12-01 11:28:35.434+0000 INFO  Starting...
2019-12-01 11:28:39.491+0000 INFO  Initiating metrics...
2019-12-01 11:28:53.451+0000 INFO  Sending metrics to CSV file at C:\Users\david\.Neo4jDesktop\neo4jDatabases\database-d8bde8d6-7a1b-48d2-a0a8-de9c409303f2\installation-3.5.12\metrics
2019-12-01 11:28:56.872+0000 INFO  Bolt enabled on 127.0.0.1:7687.
2019-12-01 11:28:56.900+0000 WARN  Server thread metrics not available (missing neo4j.server.threads.jetty.all)
2019-12-01 11:28:56.918+0000 WARN  Server thread metrics not available (missing neo4j.server.threads.jetty.idle)
2019-12-01 11:29:12.229+0000 INFO  Started.
2019-12-01 11:29:14.173+0000 INFO  Mounted REST API at: /db/manage
2019-12-01 11:29:14.607+0000 INFO  Server thread metrics have been registered successfully
2019-12-01 11:29:17.923+0000 INFO  Remote interface available at http://localhost:7474/
2019-12-01 11:29:20.166+0000 WARN  Unsupported authentication token, missing key `principal`: { scheme='basic', user_agent='neo4j-javascript/0.0.0-dev' }
2019-12-01 11:29:20.166+0000 WARN  Unsupported authentication token, missing key `principal`: { scheme='basic', user_agent='neo4j-javascript/0.0.0-dev' }
2019-12-01 11:29:20.750+0000 WARN  Unsupported authentication token, missing key `principal`: { scheme='basic', user_agent='neo4j-javascript/0.0.0-dev' }
2019-12-07 13:00:37.111+0000 INFO  ======== Neo4j 3.5.6 ========
2019-12-07 13:00:37.241+0000 INFO  Starting...
2019-12-07 13:00:42.973+0000 INFO  Initiating metrics...
2019-12-07 13:01:04.530+0000 INFO  Sending metrics to CSV file at C:\Users\david\.Neo4jDesktop\neo4jDatabases\database-d8bde8d6-7a1b-48d2-a0a8-de9c409303f2\installation-3.5.12\metrics
2019-12-07 13:01:06.890+0000 INFO  Bolt enabled on 127.0.0.1:7687.
2019-12-07 13:01:08.828+0000 WARN  Server thread metrics not available (missing neo4j.server.threads.jetty.all)
2019-12-07 13:01:08.871+0000 WARN  Server thread metrics not available (missing neo4j.server.threads.jetty.idle)
2019-12-07 13:01:14.446+0000 INFO  Started.
2019-12-07 13:01:15.674+0000 INFO  Mounted REST API at: /db/manage
2019-12-07 13:01:15.852+0000 INFO  Server thread metrics have been registered successfully
2019-12-07 13:01:18.537+0000 INFO  Remote interface available at http://localhost:7474/
2019-12-08 15:55:00.546+0000 INFO  ======== Neo4j 3.5.6 ========
2019-12-08 15:55:00.609+0000 INFO  Starting...
2019-12-08 15:55:07.721+0000 INFO  Initiating metrics...
2019-12-08 15:55:31.795+0000 INFO  Sending metrics to CSV file at C:\Users\david\.Neo4jDesktop\neo4jDatabases\database-d8bde8d6-7a1b-48d2-a0a8-de9c409303f2\installation-3.5.12\metrics
2019-12-08 15:55:33.494+0000 INFO  Bolt enabled on 127.0.0.1:7687.
2019-12-08 15:55:35.059+0000 WARN  Server thread metrics not available (missing neo4j.server.threads.jetty.all)
2019-12-08 15:55:35.083+0000 WARN  Server thread metrics not available (missing neo4j.server.threads.jetty.idle)
2019-12-08 15:55:38.949+0000 INFO  Started.
2019-12-08 15:55:39.536+0000 INFO  Mounted REST API at: /db/manage
2019-12-08 15:55:40.038+0000 INFO  Server thread metrics have been registered successfully
2019-12-08 15:55:41.543+0000 INFO  Remote interface available at http://localhost:7474/
2019-12-09 11:33:39.947+0000 INFO  ======== Neo4j 3.5.6 ========
2019-12-09 11:33:39.973+0000 INFO  Starting...
2019-12-09 11:33:46.064+0000 INFO  Initiating metrics...
2019-12-09 11:34:10.738+0000 INFO  Sending metrics to CSV file at C:\Users\david\.Neo4jDesktop\neo4jDatabases\database-d8bde8d6-7a1b-48d2-a0a8-de9c409303f2\installation-3.5.12\metrics
2019-12-09 11:34:13.206+0000 INFO  Bolt enabled on 127.0.0.1:7687.
2019-12-09 11:34:13.908+0000 WARN  Server thread metrics not available (missing neo4j.server.threads.jetty.all)
2019-12-09 11:34:13.909+0000 WARN  Server thread metrics not available (missing neo4j.server.threads.jetty.idle)
2019-12-09 11:34:20.251+0000 INFO  Started.
2019-12-09 11:34:22.388+0000 INFO  Mounted REST API at: /db/manage
2019-12-09 11:34:23.071+0000 INFO  Server thread metrics have been registered successfully
2019-12-09 11:34:26.917+0000 INFO  Remote interface available at http://localhost:7474/
2019-12-09 12:50:49.134+0000 ERROR Failed to generate JSON output. Current context not an ARRAY but OBJECT
org.codehaus.jackson.JsonGenerationException: Current context not an ARRAY but OBJECT
	at org.codehaus.jackson.impl.JsonGeneratorBase._reportError(JsonGeneratorBase.java:480)
	at org.codehaus.jackson.impl.Utf8Generator.writeEndArray(Utf8Generator.java:354)
	at org.neo4j.server.rest.transactional.RestRepresentationWriter.write(RestRepresentationWriter.java:64)
	at org.neo4j.server.rest.transactional.AggregatingWriter.write(AggregatingWriter.java:43)
	at org.neo4j.server.rest.transactional.ExecutionResultSerializer.lambda$writeRows$0(ExecutionResultSerializer.java:453)
	at org.neo4j.cypher.internal.compatibility.v3_5.runtime.executionplan.StandardInternalExecutionResult$$anon$4.visit(StandardInternalExecutionResult.scala:178)
	at org.neo4j.cypher.internal.compiler.v3_5.generated.GeneratedExecutionPlan1219408392207000Execution.accept(Unknown Source)
	at org.neo4j.cypher.internal.runtime.compiled.CompiledExecutionResult.accept(CompiledExecutionResult.scala:32)
	at org.neo4j.cypher.internal.compatibility.v3_5.runtime.executionplan.StandardInternalExecutionResult.accept(StandardInternalExecutionResult.scala:192)
	at org.neo4j.cypher.internal.compatibility.v3_5.runtime.executionplan.StandardInternalExecutionResult.accept(StandardInternalExecutionResult.scala:170)
	at org.neo4j.cypher.internal.compatibility.ClosingExecutionResult$$anonfun$accept$1.apply$mcV$sp(ClosingExecutionResult.scala:153)
	at org.neo4j.cypher.internal.compatibility.ClosingExecutionResult$$anonfun$accept$1.apply(ClosingExecutionResult.scala:153)
	at org.neo4j.cypher.internal.compatibility.ClosingExecutionResult$$anonfun$accept$1.apply(ClosingExecutionResult.scala:153)
	at org.neo4j.cypher.internal.compatibility.ClosingExecutionResult$$anonfun$safelyAndClose$1.apply(ClosingExecutionResult.scala:171)
	at org.neo4j.cypher.exceptionHandler$runSafely$.apply(exceptionHandler.scala:89)
	at org.neo4j.cypher.internal.compatibility.ClosingExecutionResult.safelyAndClose(ClosingExecutionResult.scala:174)
	at org.neo4j.cypher.internal.compatibility.ClosingExecutionResult.accept(ClosingExecutionResult.scala:152)
	at org.neo4j.cypher.internal.javacompat.ExecutionResult.accept(ExecutionResult.java:313)
	at org.neo4j.server.rest.transactional.ExecutionResultSerializer.writeRows(ExecutionResultSerializer.java:446)
	at org.neo4j.server.rest.transactional.ExecutionResultSerializer.statementResult(ExecutionResultSerializer.java:113)
	at org.neo4j.server.rest.transactional.TransactionHandle.executeStatements(TransactionHandle.java:324)
	at org.neo4j.server.rest.transactional.TransactionHandle.commit(TransactionHandle.java:157)
	at org.neo4j.server.rest.web.TransactionalService.lambda$executeStatementsAndCommit$1(TransactionalService.java:204)
	at com.sun.jersey.core.impl.provider.entity.StreamingOutputProvider.writeTo(StreamingOutputProvider.java:71)
	at com.sun.jersey.core.impl.provider.entity.StreamingOutputProvider.writeTo(StreamingOutputProvider.java:57)
	at com.sun.jersey.spi.container.ContainerResponse.write(ContainerResponse.java:302)
	at com.sun.jersey.server.impl.application.WebApplicationImpl._handleRequest(WebApplicationImpl.java:1510)
	at com.sun.jersey.server.impl.application.WebApplicationImpl.handleRequest(WebApplicationImpl.java:1419)
	at com.sun.jersey.server.impl.application.WebApplicationImpl.handleRequest(WebApplicationImpl.java:1409)
	at com.sun.jersey.spi.container.servlet.WebComponent.service(WebComponent.java:409)
	at com.sun.jersey.spi.container.servlet.ServletContainer.service(ServletContainer.java:558)
	at com.sun.jersey.spi.container.servlet.ServletContainer.service(ServletContainer.java:733)
	at javax.servlet.http.HttpServlet.service(HttpServlet.java:790)
	at org.eclipse.jetty.servlet.ServletHolder.handle(ServletHolder.java:873)
	at org.eclipse.jetty.servlet.ServletHandler$CachedChain.doFilter(ServletHandler.java:1623)
	at org.neo4j.server.rest.dbms.AuthorizationEnabledFilter.doFilter(AuthorizationEnabledFilter.java:132)
	at org.eclipse.jetty.servlet.ServletHandler$CachedChain.doFilter(ServletHandler.java:1610)
	at org.neo4j.server.rest.web.CorsFilter.doFilter(CorsFilter.java:115)
	at org.eclipse.jetty.servlet.ServletHandler$CachedChain.doFilter(ServletHandler.java:1610)
	at org.neo4j.server.rest.web.CollectUserAgentFilter.doFilter(CollectUserAgentFilter.java:69)
	at org.eclipse.jetty.servlet.ServletHandler$CachedChain.doFilter(ServletHandler.java:1610)
	at org.eclipse.jetty.servlet.ServletHandler.doHandle(ServletHandler.java:540)
	at org.eclipse.jetty.server.handler.ScopedHandler.nextHandle(ScopedHandler.java:255)
	at org.eclipse.jetty.server.session.SessionHandler.doHandle(SessionHandler.java:1700)
	at org.eclipse.jetty.server.handler.ScopedHandler.nextHandle(ScopedHandler.java:255)
	at org.eclipse.jetty.server.handler.ContextHandler.doHandle(ContextHandler.java:1345)
	at org.eclipse.jetty.server.handler.ScopedHandler.nextScope(ScopedHandler.java:203)
	at org.eclipse.jetty.servlet.ServletHandler.doScope(ServletHandler.java:480)
	at org.eclipse.jetty.server.session.SessionHandler.doScope(SessionHandler.java:1667)
	at org.eclipse.jetty.server.handler.ScopedHandler.nextScope(ScopedHandler.java:201)
	at org.eclipse.jetty.server.handler.ContextHandler.doScope(ContextHandler.java:1247)
	at org.eclipse.jetty.server.handler.ScopedHandler.handle(ScopedHandler.java:144)
	at org.eclipse.jetty.server.handler.HandlerList.handle(HandlerList.java:61)
	at org.eclipse.jetty.server.handler.HandlerWrapper.handle(HandlerWrapper.java:132)
	at org.eclipse.jetty.server.Server.handle(Server.java:505)
	at org.eclipse.jetty.server.HttpChannel.handle(HttpChannel.java:370)
	at org.eclipse.jetty.server.HttpConnection.onFillable(HttpConnection.java:267)
	at org.eclipse.jetty.io.AbstractConnection$ReadCallback.succeeded(AbstractConnection.java:305)
	at org.eclipse.jetty.io.FillInterest.fillable(FillInterest.java:103)
	at org.eclipse.jetty.io.ChannelEndPoint$2.run(ChannelEndPoint.java:117)
	at org.eclipse.jetty.util.thread.strategy.EatWhatYouKill.runTask(EatWhatYouKill.java:333)
	at org.eclipse.jetty.util.thread.strategy.EatWhatYouKill.doProduce(EatWhatYouKill.java:310)
	at org.eclipse.jetty.util.thread.strategy.EatWhatYouKill.tryProduce(EatWhatYouKill.java:168)
	at org.eclipse.jetty.util.thread.strategy.EatWhatYouKill.produce(EatWhatYouKill.java:132)
	at org.eclipse.jetty.util.thread.QueuedThreadPool.runJob(QueuedThreadPool.java:786)
	at org.eclipse.jetty.util.thread.QueuedThreadPool$2.run(QueuedThreadPool.java:743)
	at java.lang.Thread.run(Thread.java:748)
2019-12-09 12:50:49.135+0000 ERROR Failed to generate JSON output. Closed
org.eclipse.jetty.io.EofException: Closed
	at org.eclipse.jetty.server.HttpOutput.write(HttpOutput.java:491)
	at com.sun.jersey.spi.container.servlet.WebComponent$Writer.write(WebComponent.java:300)
	at com.sun.jersey.spi.container.ContainerResponse$CommittingOutputStream.write(ContainerResponse.java:135)
	at org.neo4j.server.rest.web.TransactionalService$InterruptingOutputStream.write(TransactionalService.java:287)
	at org.codehaus.jackson.impl.Utf8Generator._flushBuffer(Utf8Generator.java:1754)
	at org.codehaus.jackson.impl.Utf8Generator.flush(Utf8Generator.java:1088)
	at org.codehaus.jackson.map.ObjectMapper.writeValue(ObjectMapper.java:1615)
	at org.neo4j.server.rest.transactional.Neo4jJsonCodec.writeValue(Neo4jJsonCodec.java:148)
	at org.codehaus.jackson.impl.JsonGeneratorBase.writeObject(JsonGeneratorBase.java:314)
	at org.codehaus.jackson.JsonGenerator.writeObjectField(JsonGenerator.java:1090)
	at org.neo4j.server.rest.transactional.ExecutionResultSerializer.errors(ExecutionResultSerializer.java:317)
	at org.neo4j.server.rest.transactional.TransactionHandle.commit(TransactionHandle.java:177)
	at org.neo4j.server.rest.web.TransactionalService.lambda$executeStatementsAndCommit$1(TransactionalService.java:204)
	at com.sun.jersey.core.impl.provider.entity.StreamingOutputProvider.writeTo(StreamingOutputProvider.java:71)
	at com.sun.jersey.core.impl.provider.entity.StreamingOutputProvider.writeTo(StreamingOutputProvider.java:57)
	at com.sun.jersey.spi.container.ContainerResponse.write(ContainerResponse.java:302)
	at com.sun.jersey.server.impl.application.WebApplicationImpl._handleRequest(WebApplicationImpl.java:1510)
	at com.sun.jersey.server.impl.application.WebApplicationImpl.handleRequest(WebApplicationImpl.java:1419)
	at com.sun.jersey.server.impl.application.WebApplicationImpl.handleRequest(WebApplicationImpl.java:1409)
	at com.sun.jersey.spi.container.servlet.WebComponent.service(WebComponent.java:409)
	at com.sun.jersey.spi.container.servlet.ServletContainer.service(ServletContainer.java:558)
	at com.sun.jersey.spi.container.servlet.ServletContainer.service(ServletContainer.java:733)
	at javax.servlet.http.HttpServlet.service(HttpServlet.java:790)
	at org.eclipse.jetty.servlet.ServletHolder.handle(ServletHolder.java:873)
	at org.eclipse.jetty.servlet.ServletHandler$CachedChain.doFilter(ServletHandler.java:1623)
	at org.neo4j.server.rest.dbms.AuthorizationEnabledFilter.doFilter(AuthorizationEnabledFilter.java:132)
	at org.eclipse.jetty.servlet.ServletHandler$CachedChain.doFilter(ServletHandler.java:1610)
	at org.neo4j.server.rest.web.CorsFilter.doFilter(CorsFilter.java:115)
	at org.eclipse.jetty.servlet.ServletHandler$CachedChain.doFilter(ServletHandler.java:1610)
	at org.neo4j.server.rest.web.CollectUserAgentFilter.doFilter(CollectUserAgentFilter.java:69)
	at org.eclipse.jetty.servlet.ServletHandler$CachedChain.doFilter(ServletHandler.java:1610)
	at org.eclipse.jetty.servlet.ServletHandler.doHandle(ServletHandler.java:540)
	at org.eclipse.jetty.server.handler.ScopedHandler.nextHandle(ScopedHandler.java:255)
	at org.eclipse.jetty.server.session.SessionHandler.doHandle(SessionHandler.java:1700)
	at org.eclipse.jetty.server.handler.ScopedHandler.nextHandle(ScopedHandler.java:255)
	at org.eclipse.jetty.server.handler.ContextHandler.doHandle(ContextHandler.java:1345)
	at org.eclipse.jetty.server.handler.ScopedHandler.nextScope(ScopedHandler.java:203)
	at org.eclipse.jetty.servlet.ServletHandler.doScope(ServletHandler.java:480)
	at org.eclipse.jetty.server.session.SessionHandler.doScope(SessionHandler.java:1667)
	at org.eclipse.jetty.server.handler.ScopedHandler.nextScope(ScopedHandler.java:201)
	at org.eclipse.jetty.server.handler.ContextHandler.doScope(ContextHandler.java:1247)
	at org.eclipse.jetty.server.handler.ScopedHandler.handle(ScopedHandler.java:144)
	at org.eclipse.jetty.server.handler.HandlerList.handle(HandlerList.java:61)
	at org.eclipse.jetty.server.handler.HandlerWrapper.handle(HandlerWrapper.java:132)
	at org.eclipse.jetty.server.Server.handle(Server.java:505)
	at org.eclipse.jetty.server.HttpChannel.handle(HttpChannel.java:370)
	at org.eclipse.jetty.server.HttpConnection.onFillable(HttpConnection.java:267)
	at org.eclipse.jetty.io.AbstractConnection$ReadCallback.succeeded(AbstractConnection.java:305)
	at org.eclipse.jetty.io.FillInterest.fillable(FillInterest.java:103)
	at org.eclipse.jetty.io.ChannelEndPoint$2.run(ChannelEndPoint.java:117)
	at org.eclipse.jetty.util.thread.strategy.EatWhatYouKill.runTask(EatWhatYouKill.java:333)
	at org.eclipse.jetty.util.thread.strategy.EatWhatYouKill.doProduce(EatWhatYouKill.java:310)
	at org.eclipse.jetty.util.thread.strategy.EatWhatYouKill.tryProduce(EatWhatYouKill.java:168)
	at org.eclipse.jetty.util.thread.strategy.EatWhatYouKill.produce(EatWhatYouKill.java:132)
	at org.eclipse.jetty.util.thread.QueuedThreadPool.runJob(QueuedThreadPool.java:786)
	at org.eclipse.jetty.util.thread.QueuedThreadPool$2.run(QueuedThreadPool.java:743)
	at java.lang.Thread.run(Thread.java:748)
2019-12-09 12:50:49.136+0000 ERROR Failed to generate JSON output. Closed
org.eclipse.jetty.io.EofException: Closed
	at org.eclipse.jetty.server.HttpOutput.write(HttpOutput.java:491)
	at com.sun.jersey.spi.container.servlet.WebComponent$Writer.write(WebComponent.java:300)
	at com.sun.jersey.spi.container.ContainerResponse$CommittingOutputStream.write(ContainerResponse.java:135)
	at org.neo4j.server.rest.web.TransactionalService$InterruptingOutputStream.write(TransactionalService.java:287)
	at org.codehaus.jackson.impl.Utf8Generator._flushBuffer(Utf8Generator.java:1754)
	at org.codehaus.jackson.impl.Utf8Generator.flush(Utf8Generator.java:1088)
	at org.neo4j.server.rest.transactional.ExecutionResultSerializer.finish(ExecutionResultSerializer.java:372)
	at org.neo4j.server.rest.transactional.TransactionHandle.commit(TransactionHandle.java:178)
	at org.neo4j.server.rest.web.TransactionalService.lambda$executeStatementsAndCommit$1(TransactionalService.java:204)
	at com.sun.jersey.core.impl.provider.entity.StreamingOutputProvider.writeTo(StreamingOutputProvider.java:71)
	at com.sun.jersey.core.impl.provider.entity.StreamingOutputProvider.writeTo(StreamingOutputProvider.java:57)
	at com.sun.jersey.spi.container.ContainerResponse.write(ContainerResponse.java:302)
	at com.sun.jersey.server.impl.application.WebApplicationImpl._handleRequest(WebApplicationImpl.java:1510)
	at com.sun.jersey.server.impl.application.WebApplicationImpl.handleRequest(WebApplicationImpl.java:1419)
	at com.sun.jersey.server.impl.application.WebApplicationImpl.handleRequest(WebApplicationImpl.java:1409)
	at com.sun.jersey.spi.container.servlet.WebComponent.service(WebComponent.java:409)
	at com.sun.jersey.spi.container.servlet.ServletContainer.service(ServletContainer.java:558)
	at com.sun.jersey.spi.container.servlet.ServletContainer.service(ServletContainer.java:733)
	at javax.servlet.http.HttpServlet.service(HttpServlet.java:790)
	at org.eclipse.jetty.servlet.ServletHolder.handle(ServletHolder.java:873)
	at org.eclipse.jetty.servlet.ServletHandler$CachedChain.doFilter(ServletHandler.java:1623)
	at org.neo4j.server.rest.dbms.AuthorizationEnabledFilter.doFilter(AuthorizationEnabledFilter.java:132)
	at org.eclipse.jetty.servlet.ServletHandler$CachedChain.doFilter(ServletHandler.java:1610)
	at org.neo4j.server.rest.web.CorsFilter.doFilter(CorsFilter.java:115)
	at org.eclipse.jetty.servlet.ServletHandler$CachedChain.doFilter(ServletHandler.java:1610)
	at org.neo4j.server.rest.web.CollectUserAgentFilter.doFilter(CollectUserAgentFilter.java:69)
	at org.eclipse.jetty.servlet.ServletHandler$CachedChain.doFilter(ServletHandler.java:1610)
	at org.eclipse.jetty.servlet.ServletHandler.doHandle(ServletHandler.java:540)
	at org.eclipse.jetty.server.handler.ScopedHandler.nextHandle(ScopedHandler.java:255)
	at org.eclipse.jetty.server.session.SessionHandler.doHandle(SessionHandler.java:1700)
	at org.eclipse.jetty.server.handler.ScopedHandler.nextHandle(ScopedHandler.java:255)
	at org.eclipse.jetty.server.handler.ContextHandler.doHandle(ContextHandler.java:1345)
	at org.eclipse.jetty.server.handler.ScopedHandler.nextScope(ScopedHandler.java:203)
	at org.eclipse.jetty.servlet.ServletHandler.doScope(ServletHandler.java:480)
	at org.eclipse.jetty.server.session.SessionHandler.doScope(SessionHandler.java:1667)
	at org.eclipse.jetty.server.handler.ScopedHandler.nextScope(ScopedHandler.java:201)
	at org.eclipse.jetty.server.handler.ContextHandler.doScope(ContextHandler.java:1247)
	at org.eclipse.jetty.server.handler.ScopedHandler.handle(ScopedHandler.java:144)
	at org.eclipse.jetty.server.handler.HandlerList.handle(HandlerList.java:61)
	at org.eclipse.jetty.server.handler.HandlerWrapper.handle(HandlerWrapper.java:132)
	at org.eclipse.jetty.server.Server.handle(Server.java:505)
	at org.eclipse.jetty.server.HttpChannel.handle(HttpChannel.java:370)
	at org.eclipse.jetty.server.HttpConnection.onFillable(HttpConnection.java:267)
	at org.eclipse.jetty.io.AbstractConnection$ReadCallback.succeeded(AbstractConnection.java:305)
	at org.eclipse.jetty.io.FillInterest.fillable(FillInterest.java:103)
	at org.eclipse.jetty.io.ChannelEndPoint$2.run(ChannelEndPoint.java:117)
	at org.eclipse.jetty.util.thread.strategy.EatWhatYouKill.runTask(EatWhatYouKill.java:333)
	at org.eclipse.jetty.util.thread.strategy.EatWhatYouKill.doProduce(EatWhatYouKill.java:310)
	at org.eclipse.jetty.util.thread.strategy.EatWhatYouKill.tryProduce(EatWhatYouKill.java:168)
	at org.eclipse.jetty.util.thread.strategy.EatWhatYouKill.produce(EatWhatYouKill.java:132)
	at org.eclipse.jetty.util.thread.QueuedThreadPool.runJob(QueuedThreadPool.java:786)
	at org.eclipse.jetty.util.thread.QueuedThreadPool$2.run(QueuedThreadPool.java:743)
	at java.lang.Thread.run(Thread.java:748)
2019-12-10 19:48:57.852+0000 INFO  ======== Neo4j 3.5.6 ========
2019-12-10 19:48:57.891+0000 INFO  Starting...
2019-12-10 19:49:01.436+0000 INFO  Initiating metrics...
2019-12-10 19:49:14.415+0000 INFO  Sending metrics to CSV file at C:\Users\david\.Neo4jDesktop\neo4jDatabases\database-d8bde8d6-7a1b-48d2-a0a8-de9c409303f2\installation-3.5.12\metrics
2019-12-10 19:49:15.903+0000 INFO  Bolt enabled on 127.0.0.1:7687.
2019-12-10 19:49:17.548+0000 WARN  Server thread metrics not available (missing neo4j.server.threads.jetty.all)
2019-12-10 19:49:17.569+0000 WARN  Server thread metrics not available (missing neo4j.server.threads.jetty.idle)
2019-12-10 19:49:21.944+0000 INFO  Started.
2019-12-10 19:49:23.024+0000 INFO  Mounted REST API at: /db/manage
2019-12-10 19:49:23.158+0000 INFO  Server thread metrics have been registered successfully
2019-12-10 19:49:24.814+0000 INFO  Remote interface available at http://localhost:7474/
2019-12-11 19:41:13.073+0000 INFO  ======== Neo4j 3.5.6 ========
2019-12-11 19:41:13.089+0000 INFO  Starting...
2019-12-11 19:41:16.121+0000 INFO  Initiating metrics...
2019-12-11 19:41:27.036+0000 INFO  Sending metrics to CSV file at C:\Users\david\.Neo4jDesktop\neo4jDatabases\database-d8bde8d6-7a1b-48d2-a0a8-de9c409303f2\installation-3.5.12\metrics
2019-12-11 19:41:28.429+0000 INFO  Bolt enabled on 127.0.0.1:7687.
2019-12-11 19:41:30.371+0000 WARN  Server thread metrics not available (missing neo4j.server.threads.jetty.all)
2019-12-11 19:41:30.411+0000 WARN  Server thread metrics not available (missing neo4j.server.threads.jetty.idle)
2019-12-11 19:41:33.205+0000 INFO  Started.
2019-12-11 19:41:33.967+0000 INFO  Mounted REST API at: /db/manage
2019-12-11 19:41:34.098+0000 INFO  Server thread metrics have been registered successfully
2019-12-11 19:41:35.739+0000 INFO  Remote interface available at http://localhost:7474/
2019-12-12 00:01:30.328+0000 INFO  ======== Neo4j 3.5.6 ========
2019-12-12 00:01:30.342+0000 INFO  Starting...
2019-12-12 00:01:31.709+0000 INFO  Initiating metrics...
2019-12-12 00:01:40.563+0000 INFO  Sending metrics to CSV file at C:\Users\david\.Neo4jDesktop\neo4jDatabases\database-d8bde8d6-7a1b-48d2-a0a8-de9c409303f2\installation-3.5.12\metrics
2019-12-12 00:01:41.544+0000 INFO  Bolt enabled on 127.0.0.1:7687.
2019-12-12 00:01:42.335+0000 WARN  Unsupported authentication token, missing key `principal`: { scheme='basic', user_agent='neo4j-javascript/0.0.0-dev' }
2019-12-12 00:01:43.463+0000 INFO  Started.
2019-12-12 00:01:43.585+0000 WARN  Server thread metrics not available (missing neo4j.server.threads.jetty.all)
2019-12-12 00:01:43.586+0000 WARN  Server thread metrics not available (missing neo4j.server.threads.jetty.idle)
2019-12-12 00:01:43.725+0000 INFO  Mounted REST API at: /db/manage
2019-12-12 00:01:43.905+0000 INFO  Server thread metrics have been registered successfully
2019-12-12 00:01:44.810+0000 INFO  Remote interface available at http://localhost:7474/
